This is pdfTeX, Version 3.141592653-2.6-1.40.27 (TeX Live 2025/Homebrew) (preloaded format=pdflatex 2025.3.15)  24 MAY 2025 02:23
entering extended mode
 restricted \write18 enabled.
 file:line:error style messages enabled.
 %&-line parsing enabled.
**main.tex
(./main.tex
LaTeX2e <2024-11-01> patch level 2
L3 programming layer <2025-01-18>
(/opt/homebrew/Cellar/texlive/20250308_1/share/texmf-dist/tex/latex/base/article.cls
Document Class: article 2024/06/29 v1.4n Standard LaTeX document class
(/opt/homebrew/Cellar/texlive/20250308_1/share/texmf-dist/tex/latex/base/size10.clo
File: size10.clo 2024/06/29 v1.4n Standard LaTeX file (size option)
)
\c@part=\count196
\c@section=\count197
\c@subsection=\count198
\c@subsubsection=\count199
\c@paragraph=\count266
\c@subparagraph=\count267
\c@figure=\count268
\c@table=\count269
\abovecaptionskip=\skip49
\belowcaptionskip=\skip50
\bibindent=\dimen141
) (/opt/homebrew/Cellar/texlive/20250308_1/share/texmf-dist/tex/latex/graphics/graphicx.sty
Package: graphicx 2021/09/16 v1.2d Enhanced LaTeX Graphics (DPC,SPQR)
 (/opt/homebrew/Cellar/texlive/20250308_1/share/texmf-dist/tex/latex/graphics/keyval.sty
Package: keyval 2022/05/29 v1.15 key=value parser (DPC)
\KV@toks@=\toks17
) (/opt/homebrew/Cellar/texlive/20250308_1/share/texmf-dist/tex/latex/graphics/graphics.sty
Package: graphics 2024/08/06 v1.4g Standard LaTeX Graphics (DPC,SPQR)
 (/opt/homebrew/Cellar/texlive/20250308_1/share/texmf-dist/tex/latex/graphics/trig.sty
Package: trig 2023/12/02 v1.11 sin cos tan (DPC)
) (/opt/homebrew/Cellar/texlive/20250308_1/share/texmf-dist/tex/latex/graphics-cfg/graphics.cfg
File: graphics.cfg 2016/06/04 v1.11 sample graphics configuration
)
Package graphics Info: Driver file: pdftex.def on input line 106.
 (/opt/homebrew/Cellar/texlive/20250308_1/share/texmf-dist/tex/latex/graphics-def/pdftex.def
File: pdftex.def 2024/04/13 v1.2c Graphics/color driver for pdftex
))
\Gin@req@height=\dimen142
\Gin@req@width=\dimen143
) (./style.sty

LaTeX Warning: You have requested package `style',
               but the package provides `styl-tcs'.

Package: styl-tcs 
(/opt/homebrew/Cellar/texlive/20250308_1/share/texmf-dist/tex/latex/setspace/setspace.sty
Package: setspace 2022/12/04 v6.7b set line spacing
) (/opt/homebrew/Cellar/texlive/20250308_1/share/texmf-dist/tex/latex/base/inputenc.sty
Package: inputenc 2024/02/08 v1.3d Input encoding file
\inpenc@prehook=\toks18
\inpenc@posthook=\toks19
) (/opt/homebrew/Cellar/texlive/20250308_1/share/texmf-dist/tex/latex/geometry/geometry.sty
Package: geometry 2020/01/02 v5.9 Page Geometry
 (/opt/homebrew/Cellar/texlive/20250308_1/share/texmf-dist/tex/generic/iftex/ifvtex.sty
Package: ifvtex 2019/10/25 v1.7 ifvtex legacy package. Use iftex instead.
 (/opt/homebrew/Cellar/texlive/20250308_1/share/texmf-dist/tex/generic/iftex/iftex.sty
Package: iftex 2024/12/12 v1.0g TeX engine tests
))
\Gm@cnth=\count270
\Gm@cntv=\count271
\c@Gm@tempcnt=\count272
\Gm@bindingoffset=\dimen144
\Gm@wd@mp=\dimen145
\Gm@odd@mp=\dimen146
\Gm@even@mp=\dimen147
\Gm@layoutwidth=\dimen148
\Gm@layoutheight=\dimen149
\Gm@layouthoffset=\dimen150
\Gm@layoutvoffset=\dimen151
\Gm@dimlist=\toks20
) (/opt/homebrew/Cellar/texlive/20250308_1/share/texmf-dist/tex/latex/amsmath/amsmath.sty
Package: amsmath 2024/11/05 v2.17t AMS math features
\@mathmargin=\skip51

For additional information on amsmath, use the `?' option.
(/opt/homebrew/Cellar/texlive/20250308_1/share/texmf-dist/tex/latex/amsmath/amstext.sty
Package: amstext 2021/08/26 v2.01 AMS text
 (/opt/homebrew/Cellar/texlive/20250308_1/share/texmf-dist/tex/latex/amsmath/amsgen.sty
File: amsgen.sty 1999/11/30 v2.0 generic functions
\@emptytoks=\toks21
\ex@=\dimen152
)) (/opt/homebrew/Cellar/texlive/20250308_1/share/texmf-dist/tex/latex/amsmath/amsbsy.sty
Package: amsbsy 1999/11/29 v1.2d Bold Symbols
\pmbraise@=\dimen153
) (/opt/homebrew/Cellar/texlive/20250308_1/share/texmf-dist/tex/latex/amsmath/amsopn.sty
Package: amsopn 2022/04/08 v2.04 operator names
)
\inf@bad=\count273
LaTeX Info: Redefining \frac on input line 233.
\uproot@=\count274
\leftroot@=\count275
LaTeX Info: Redefining \overline on input line 398.
LaTeX Info: Redefining \colon on input line 409.
\classnum@=\count276
\DOTSCASE@=\count277
LaTeX Info: Redefining \ldots on input line 495.
LaTeX Info: Redefining \dots on input line 498.
LaTeX Info: Redefining \cdots on input line 619.
\Mathstrutbox@=\box52
\strutbox@=\box53
LaTeX Info: Redefining \big on input line 721.
LaTeX Info: Redefining \Big on input line 722.
LaTeX Info: Redefining \bigg on input line 723.
LaTeX Info: Redefining \Bigg on input line 724.
\big@size=\dimen154
LaTeX Font Info:    Redeclaring font encoding OML on input line 742.
LaTeX Font Info:    Redeclaring font encoding OMS on input line 743.
\macc@depth=\count278
LaTeX Info: Redefining \bmod on input line 904.
LaTeX Info: Redefining \pmod on input line 909.
LaTeX Info: Redefining \smash on input line 939.
LaTeX Info: Redefining \relbar on input line 969.
LaTeX Info: Redefining \Relbar on input line 970.
\c@MaxMatrixCols=\count279
\dotsspace@=\muskip17
\c@parentequation=\count280
\dspbrk@lvl=\count281
\tag@help=\toks22
\row@=\count282
\column@=\count283
\maxfields@=\count284
\andhelp@=\toks23
\eqnshift@=\dimen155
\alignsep@=\dimen156
\tagshift@=\dimen157
\tagwidth@=\dimen158
\totwidth@=\dimen159
\lineht@=\dimen160
\@envbody=\toks24
\multlinegap=\skip52
\multlinetaggap=\skip53
\mathdisplay@stack=\toks25
LaTeX Info: Redefining \[ on input line 2953.
LaTeX Info: Redefining \] on input line 2954.
) (/opt/homebrew/Cellar/texlive/20250308_1/share/texmf-dist/tex/latex/amsfonts/amssymb.sty
Package: amssymb 2013/01/14 v3.01 AMS font symbols
 (/opt/homebrew/Cellar/texlive/20250308_1/share/texmf-dist/tex/latex/amsfonts/amsfonts.sty
Package: amsfonts 2013/01/14 v3.01 Basic AMSFonts support
\symAMSa=\mathgroup4
\symAMSb=\mathgroup5
LaTeX Font Info:    Redeclaring math symbol \hbar on input line 98.
LaTeX Font Info:    Overwriting math alphabet `\mathfrak' in version `bold'
(Font)                  U/euf/m/n --> U/euf/b/n on input line 106.
)) (/opt/homebrew/Cellar/texlive/20250308_1/share/texmf-dist/tex/latex/amscls/amsthm.sty
Package: amsthm 2020/05/29 v2.20.6
\thm@style=\toks26
\thm@bodyfont=\toks27
\thm@headfont=\toks28
\thm@notefont=\toks29
\thm@headpunct=\toks30
\thm@preskip=\skip54
\thm@postskip=\skip55
\thm@headsep=\skip56
\dth@everypar=\toks31
) (/opt/homebrew/Cellar/texlive/20250308_1/share/texmf-dist/tex/latex/enumitem/enumitem.sty
Package: enumitem 2025/02/06 v3.11 Customized lists
\labelindent=\skip57
\enit@outerparindent=\dimen161
\enit@toks=\toks32
\enit@inbox=\box54
\enit@count@id=\count285
\enitdp@description=\count286
) (/opt/homebrew/Cellar/texlive/20250308_1/share/texmf-dist/tex/latex/float/float.sty
Package: float 2001/11/08 v1.3d Float enhancements (AL)
\c@float@type=\count287
\float@exts=\toks33
\float@box=\box55
\@float@everytoks=\toks34
\@floatcapt=\box56
) (/opt/homebrew/Cellar/texlive/20250308_1/share/texmf-dist/tex/latex/hyperref/hyperref.sty
Package: hyperref 2024-11-05 v7.01l Hypertext links for LaTeX
 (/opt/homebrew/Cellar/texlive/20250308_1/share/texmf-dist/tex/latex/kvsetkeys/kvsetkeys.sty
Package: kvsetkeys 2022-10-05 v1.19 Key value parser (HO)
) (/opt/homebrew/Cellar/texlive/20250308_1/share/texmf-dist/tex/generic/kvdefinekeys/kvdefinekeys.sty
Package: kvdefinekeys 2019-12-19 v1.6 Define keys (HO)
) (/opt/homebrew/Cellar/texlive/20250308_1/share/texmf-dist/tex/generic/pdfescape/pdfescape.sty
Package: pdfescape 2019/12/09 v1.15 Implements pdfTeX's escape features (HO)
 (/opt/homebrew/Cellar/texlive/20250308_1/share/texmf-dist/tex/generic/ltxcmds/ltxcmds.sty
Package: ltxcmds 2023-12-04 v1.26 LaTeX kernel commands for general use (HO)
) (/opt/homebrew/Cellar/texlive/20250308_1/share/texmf-dist/tex/generic/pdftexcmds/pdftexcmds.sty
Package: pdftexcmds 2020-06-27 v0.33 Utility functions of pdfTeX for LuaTeX (HO)
 (/opt/homebrew/Cellar/texlive/20250308_1/share/texmf-dist/tex/generic/infwarerr/infwarerr.sty
Package: infwarerr 2019/12/03 v1.5 Providing info/warning/error messages (HO)
)
Package pdftexcmds Info: \pdf@primitive is available.
Package pdftexcmds Info: \pdf@ifprimitive is available.
Package pdftexcmds Info: \pdfdraftmode found.
)) (/opt/homebrew/Cellar/texlive/20250308_1/share/texmf-dist/tex/latex/hycolor/hycolor.sty
Package: hycolor 2020-01-27 v1.10 Color options for hyperref/bookmark (HO)
) (/opt/homebrew/Cellar/texlive/20250308_1/share/texmf-dist/tex/latex/hyperref/nameref.sty
Package: nameref 2023-11-26 v2.56 Cross-referencing by name of section
 (/opt/homebrew/Cellar/texlive/20250308_1/share/texmf-dist/tex/latex/refcount/refcount.sty
Package: refcount 2019/12/15 v3.6 Data extraction from label references (HO)
) (/opt/homebrew/Cellar/texlive/20250308_1/share/texmf-dist/tex/generic/gettitlestring/gettitlestring.sty
Package: gettitlestring 2019/12/15 v1.6 Cleanup title references (HO)
 (/opt/homebrew/Cellar/texlive/20250308_1/share/texmf-dist/tex/latex/kvoptions/kvoptions.sty
Package: kvoptions 2022-06-15 v3.15 Key value format for package options (HO)
))
\c@section@level=\count288
)
(/opt/homebrew/Cellar/texlive/20250308_1/share/texmf-dist/tex/latex/etoolbox/etoolbox.sty
Package: etoolbox 2025/02/11 v2.5l e-TeX tools for LaTeX (JAW)
\etb@tempcnta=\count289
) (/opt/homebrew/Cellar/texlive/20250308_1/share/texmf-dist/tex/generic/stringenc/stringenc.sty
Package: stringenc 2019/11/29 v1.12 Convert strings between diff. encodings (HO)
)
\@linkdim=\dimen162
\Hy@linkcounter=\count290
\Hy@pagecounter=\count291
 (/opt/homebrew/Cellar/texlive/20250308_1/share/texmf-dist/tex/latex/hyperref/pd1enc.def
File: pd1enc.def 2024-11-05 v7.01l Hyperref: PDFDocEncoding definition (HO)
Now handling font encoding PD1 ...
... no UTF-8 mapping file for font encoding PD1
) (/opt/homebrew/Cellar/texlive/20250308_1/share/texmf-dist/tex/generic/intcalc/intcalc.sty
Package: intcalc 2019/12/15 v1.3 Expandable calculations with integers (HO)
)
\Hy@SavedSpaceFactor=\count292
 (/opt/homebrew/Cellar/texlive/20250308_1/share/texmf-dist/tex/latex/hyperref/puenc.def
File: puenc.def 2024-11-05 v7.01l Hyperref: PDF Unicode definition (HO)
Now handling font encoding PU ...
... no UTF-8 mapping file for font encoding PU
)
Package hyperref Info: Option `colorlinks' set `true' on input line 4040.
Package hyperref Info: Hyper figures OFF on input line 4157.
Package hyperref Info: Link nesting OFF on input line 4162.
Package hyperref Info: Hyper index ON on input line 4165.
Package hyperref Info: Plain pages OFF on input line 4172.
Package hyperref Info: Backreferencing OFF on input line 4177.
Package hyperref Info: Implicit mode ON; LaTeX internals redefined.
Package hyperref Info: Bookmarks ON on input line 4424.
\c@Hy@tempcnt=\count293
 (/opt/homebrew/Cellar/texlive/20250308_1/share/texmf-dist/tex/latex/url/url.sty
\Urlmuskip=\muskip18
Package: url 2013/09/16  ver 3.4  Verb mode for urls, etc.
)
LaTeX Info: Redefining \url on input line 4763.
\XeTeXLinkMargin=\dimen163
 (/opt/homebrew/Cellar/texlive/20250308_1/share/texmf-dist/tex/generic/bitset/bitset.sty
Package: bitset 2019/12/09 v1.3 Handle bit-vector datatype (HO)
 (/opt/homebrew/Cellar/texlive/20250308_1/share/texmf-dist/tex/generic/bigintcalc/bigintcalc.sty
Package: bigintcalc 2019/12/15 v1.5 Expandable calculations on big integers (HO)
))
\Fld@menulength=\count294
\Field@Width=\dimen164
\Fld@charsize=\dimen165
Package hyperref Info: Hyper figures OFF on input line 6042.
Package hyperref Info: Link nesting OFF on input line 6047.
Package hyperref Info: Hyper index ON on input line 6050.
Package hyperref Info: backreferencing OFF on input line 6057.
Package hyperref Info: Link coloring ON on input line 6060.
Package hyperref Info: Link coloring with OCG OFF on input line 6067.
Package hyperref Info: PDF/A mode OFF on input line 6072.
 (/opt/homebrew/Cellar/texlive/20250308_1/share/texmf-dist/tex/latex/base/atbegshi-ltx.sty
Package: atbegshi-ltx 2021/01/10 v1.0c Emulation of the original atbegshi
package with kernel methods
)
\Hy@abspage=\count295
\c@Item=\count296
\c@Hfootnote=\count297
)
Package hyperref Info: Driver (autodetected): hpdftex.
 (/opt/homebrew/Cellar/texlive/20250308_1/share/texmf-dist/tex/latex/hyperref/hpdftex.def
File: hpdftex.def 2024-11-05 v7.01l Hyperref driver for pdfTeX
 (/opt/homebrew/Cellar/texlive/20250308_1/share/texmf-dist/tex/latex/base/atveryend-ltx.sty
Package: atveryend-ltx 2020/08/19 v1.0a Emulation of the original atveryend package
with kernel methods
)
\Fld@listcount=\count298
\c@bookmark@seq@number=\count299
 (/opt/homebrew/Cellar/texlive/20250308_1/share/texmf-dist/tex/latex/rerunfilecheck/rerunfilecheck.sty
Package: rerunfilecheck 2022-07-10 v1.10 Rerun checks for auxiliary files (HO)
 (/opt/homebrew/Cellar/texlive/20250308_1/share/texmf-dist/tex/generic/uniquecounter/uniquecounter.sty
Package: uniquecounter 2019/12/15 v1.4 Provide unlimited unique counter (HO)
)
Package uniquecounter Info: New unique counter `rerunfilecheck' on input line 285.
)
\Hy@SectionHShift=\skip58
) (/opt/homebrew/Cellar/texlive/20250308_1/share/texmf-dist/tex/latex/wrapfig/wrapfig.sty
\wrapoverhang=\dimen166
\WF@size=\dimen167
\c@WF@wrappedlines=\count300
\WF@box=\box57
\WF@everypar=\toks35
Package: wrapfig 2003/01/31  v 3.6
) (/opt/homebrew/Cellar/texlive/20250308_1/share/texmf-dist/tex/latex/xcolor/xcolor.sty
Package: xcolor 2024/09/29 v3.02 LaTeX color extensions (UK)
 (/opt/homebrew/Cellar/texlive/20250308_1/share/texmf-dist/tex/latex/graphics-cfg/color.cfg
File: color.cfg 2016/01/02 v1.6 sample color configuration
)
Package xcolor Info: Driver file: pdftex.def on input line 274.
 (/opt/homebrew/Cellar/texlive/20250308_1/share/texmf-dist/tex/latex/graphics/mathcolor.ltx)
Package xcolor Info: Model `cmy' substituted by `cmy0' on input line 1349.
Package xcolor Info: Model `hsb' substituted by `rgb' on input line 1353.
Package xcolor Info: Model `RGB' extended on input line 1365.
Package xcolor Info: Model `HTML' substituted by `rgb' on input line 1367.
Package xcolor Info: Model `Hsb' substituted by `hsb' on input line 1368.
Package xcolor Info: Model `tHsb' substituted by `hsb' on input line 1369.
Package xcolor Info: Model `HSB' substituted by `hsb' on input line 1370.
Package xcolor Info: Model `Gray' substituted by `gray' on input line 1371.
Package xcolor Info: Model `wave' substituted by `hsb' on input line 1372.
) (/opt/homebrew/Cellar/texlive/20250308_1/share/texmf-dist/tex/latex/titlesec/titlesec.sty
Package: titlesec 2025/01/04 v2.17 Sectioning titles
\ttl@box=\box58
\beforetitleunit=\skip59
\aftertitleunit=\skip60
\ttl@plus=\dimen168
\ttl@minus=\dimen169
\ttl@toksa=\toks36
\titlewidth=\dimen170
\titlewidthlast=\dimen171
\titlewidthfirst=\dimen172
) (/opt/homebrew/Cellar/texlive/20250308_1/share/texmf-dist/tex/latex/caption/caption.sty
Package: caption 2023/08/05 v3.6o Customizing captions (AR)
 (/opt/homebrew/Cellar/texlive/20250308_1/share/texmf-dist/tex/latex/caption/caption3.sty
Package: caption3 2023/07/31 v2.4d caption3 kernel (AR)
\caption@tempdima=\dimen173
\captionmargin=\dimen174
\caption@leftmargin=\dimen175
\caption@rightmargin=\dimen176
\caption@width=\dimen177
\caption@indent=\dimen178
\caption@parindent=\dimen179
\caption@hangindent=\dimen180
Package caption Info: Standard document class detected.
)
\c@caption@flags=\count301
\c@continuedfloat=\count302
Package caption Info: float package is loaded.
Package caption Info: hyperref package is loaded.
Package caption Info: wrapfig package is loaded.
) (/opt/homebrew/Cellar/texlive/20250308_1/share/texmf-dist/tex/latex/mathtools/mathtools.sty
Package: mathtools 2024/10/04 v1.31 mathematical typesetting tools

(/opt/homebrew/Cellar/texlive/20250308_1/share/texmf-dist/tex/latex/tools/calc.sty
Package: calc 2023/07/08 v4.3 Infix arithmetic (KKT,FJ)
\calc@Acount=\count303
\calc@Bcount=\count304
\calc@Adimen=\dimen181
\calc@Bdimen=\dimen182
\calc@Askip=\skip61
\calc@Bskip=\skip62
LaTeX Info: Redefining \setlength on input line 80.
LaTeX Info: Redefining \addtolength on input line 81.
\calc@Ccount=\count305
\calc@Cskip=\skip63
) (/opt/homebrew/Cellar/texlive/20250308_1/share/texmf-dist/tex/latex/mathtools/mhsetup.sty
Package: mhsetup 2021/03/18 v1.4 programming setup (MH)
)
\g_MT_multlinerow_int=\count306
\l_MT_multwidth_dim=\dimen183
\origjot=\skip64
\l_MT_shortvdotswithinadjustabove_dim=\dimen184
\l_MT_shortvdotswithinadjustbelow_dim=\dimen185
\l_MT_above_intertext_sep=\dimen186
\l_MT_below_intertext_sep=\dimen187
\l_MT_above_shortintertext_sep=\dimen188
\l_MT_below_shortintertext_sep=\dimen189
\xmathstrut@box=\box59
\xmathstrut@dim=\dimen190
) (/opt/homebrew/Cellar/texlive/20250308_1/share/texmf-dist/tex/latex/braket/braket.sty) (/opt/homebrew/Cellar/texlive/20250308_1/share/texmf-dist/tex/latex/qcircuit/qcircuit.sty
Package: qcircuit 2018/08/14
 (/opt/homebrew/Cellar/texlive/20250308_1/share/texmf-dist/tex/generic/xypic/xy.sty (/opt/homebrew/Cellar/texlive/20250308_1/share/texmf-dist/tex/generic/xypic/xy.tex Bootstrap'ing: catcodes, docmode, (/opt/homebrew/Cellar/texlive/20250308_1/share/texmf-dist/tex/generic/xypic/xyrecat.tex) (/opt/homebrew/Cellar/texlive/20250308_1/share/texmf-dist/tex/generic/xypic/xyidioms.tex)

 Xy-pic version 3.8.9 <2013/10/06>
 Copyright (c) 1991-2013 by Kristoffer H. Rose <krisrose@tug.org> and others
 Xy-pic is free software: see the User's Guide for details.

Loading kernel: messages; fonts; allocations: state,
\X@c=\dimen191
\Y@c=\dimen192
\U@c=\dimen193
\D@c=\dimen194
\L@c=\dimen195
\R@c=\dimen196
\Edge@c=\toks37
\X@p=\dimen197
\Y@p=\dimen198
\U@p=\dimen199
\D@p=\dimen256
\L@p=\dimen257
\R@p=\dimen258
\Edge@p=\toks38
\X@origin=\dimen259
\Y@origin=\dimen260
\X@xbase=\dimen261
\Y@xbase=\dimen262
\X@ybase=\dimen263
\Y@ybase=\dimen264
\X@min=\dimen265
\Y@min=\dimen266
\X@max=\dimen267
\Y@max=\dimen268
\lastobjectbox@=\box60
\zerodotbox@=\box61
\almostz@=\dimen269
 direction,
\d@X=\dimen270
\d@Y=\dimen271
\K@=\count307
\KK@=\count308
\Direction=\count309
\K@dXdY=\dimen272
\K@dYdX=\dimen273
\xyread@=\read2
\xywrite@=\write3
\csp@=\count310
\quotPTK@=\dimen274
 utility macros; pictures: \xy, positions,
\swaptoks@@=\toks39
\connectobjectbox@@=\box62
 objects,
\styletoks@=\toks40
 decorations; kernel objects: directionals, circles, text; options; algorithms: directions, edges, connections;  Xy-pic loaded) (/opt/homebrew/Cellar/texlive/20250308_1/share/texmf-dist/tex/generic/iftex/ifpdf.sty
Package: ifpdf 2019/10/25 v3.4 ifpdf legacy package. Use iftex instead.
)
Package: xy 2013/10/06 Xy-pic version 3.8.9
 (/opt/homebrew/Cellar/texlive/20250308_1/share/texmf-dist/tex/generic/xypic/xypdf.tex  Xy-pic option: PDF driver v.1.7 loaded))

/opt/homebrew/Cellar/texlive/20250308_1/share/texmf-dist/tex/latex/qcircuit/qcircuit.sty:37: LaTeX Error: Command \bra already defined.
               Or name \end... illegal, see p.192 of the manual.

See the LaTeX manual or LaTeX Companion for explanation.
Type  H <return>  for immediate help.
 ...                                              
                                                  
l.37 \ProcessOptions\relax
                          
Your command was ignored.
Type  I <command> <return>  to replace it with another command,
or  <return>  to continue without it.


/opt/homebrew/Cellar/texlive/20250308_1/share/texmf-dist/tex/latex/qcircuit/qcircuit.sty:37: LaTeX Error: Command \ket already defined.
               Or name \end... illegal, see p.192 of the manual.

See the LaTeX manual or LaTeX Companion for explanation.
Type  H <return>  for immediate help.
 ...                                              
                                                  
l.37 \ProcessOptions\relax
                          
Your command was ignored.
Type  I <command> <return>  to replace it with another command,
or  <return>  to continue without it.

(/opt/homebrew/Cellar/texlive/20250308_1/share/texmf-dist/tex/generic/xypic/xymatrix.tex  Xy-pic option: Matrix feature v.3.14
\Row=\count311
\Col=\count312
\queue@=\toks41
\queue@@=\toks42
\qcount@=\count313
\qcount@@=\count314
\matrixsize@=\count315
 loaded) (/opt/homebrew/Cellar/texlive/20250308_1/share/texmf-dist/tex/generic/xypic/xyframe.tex  Xy-pic option: Frame and Bracket extension v.3.14 loaded) Xy-pic pdf driver: `frame' extension support (/opt/homebrew/Cellar/texlive/20250308_1/share/texmf-dist/tex/generic/xypic/xypdf-fr.tex (/opt/homebrew/Cellar/texlive/20250308_1/share/texmf-dist/tex/generic/xypic/xycurve.tex  Xy-pic option: Curve and Spline extension v.3.12 curve,
\crv@cnt@=\count316
\crvpts@=\toks43
\splinebox@=\box63
\splineval@=\dimen275
\splinedepth@=\dimen276
\splinetol@=\dimen277
\splinelength@=\dimen278
 circles,
\L@=\dimen279
 loaded) Xy-pic pdf driver: `curve' extension support (/opt/homebrew/Cellar/texlive/20250308_1/share/texmf-dist/tex/generic/xypic/xypdf-cu.tex loaded) loaded) (/opt/homebrew/Cellar/texlive/20250308_1/share/texmf-dist/tex/generic/xypic/xyarrow.tex  Xy-pic option: Arrow and Path feature v.3.9 path, \ar, loaded) (/opt/homebrew/Cellar/texlive/20250308_1/share/texmf-dist/tex/generic/xypic/xyarc.tex  Xy-pic option: Circle, Ellipse, Arc feature v.3.8 circles, ellipses, elliptical arcs, loaded)) (/opt/homebrew/Cellar/texlive/20250308_1/share/texmf-dist/tex/latex/fancyhdr/fancyhdr.sty
Package: fancyhdr 2025/02/07 v5.2 Extensive control of page headers and footers
\f@nch@headwidth=\skip65
\f@nch@offset@elh=\skip66
\f@nch@offset@erh=\skip67
\f@nch@offset@olh=\skip68
\f@nch@offset@orh=\skip69
\f@nch@offset@elf=\skip70
\f@nch@offset@erf=\skip71
\f@nch@offset@olf=\skip72
\f@nch@offset@orf=\skip73
\f@nch@height=\skip74
\f@nch@footalignment=\skip75
\f@nch@widthL=\skip76
\f@nch@widthC=\skip77
\f@nch@widthR=\skip78
\@temptokenb=\toks44
) (/opt/homebrew/Cellar/texlive/20250308_1/share/texmf-dist/tex/latex/jknapltx/mathrsfs.sty
Package: mathrsfs 1996/01/01 Math RSFS package v1.0 (jk)
\symrsfs=\mathgroup6
) (/opt/homebrew/Cellar/texlive/20250308_1/share/texmf-dist/tex/latex/tools/array.sty
Package: array 2024/10/17 v2.6g Tabular extension package (FMi)
\col@sep=\dimen280
\ar@mcellbox=\box64
\extrarowheight=\dimen281
\NC@list=\toks45
\extratabsurround=\skip79
\backup@length=\skip80
\ar@cellbox=\box65
) (/opt/homebrew/Cellar/texlive/20250308_1/share/texmf-dist/tex/latex/chngcntr/chngcntr.sty
Package: chngcntr 2018/04/09 v1.1a change counter resetting
Package chngcntr Info: \counterwithout already defined.
(chngcntr)             Quitting chngcntr on input line 21.
)

./style.sty:70: LaTeX Error: No counter 'chapter' defined.

See the LaTeX manual or LaTeX Companion for explanation.
Type  H <return>  for immediate help.
 ...                                              
                                                  
l.70 \counterwithout{section}{chapter}
                                      
Your command was ignored.
Type  I <command> <return>  to replace it with another command,
or  <return>  to continue without it.


./style.sty:72: LaTeX Error: Command \thechapter undefined.

See the LaTeX manual or LaTeX Companion for explanation.
Type  H <return>  for immediate help.
 ...                                              
                                                  
l.72 \renewcommand{\thechapter}
                               {\Roman{chapter}}
Try typing  <return>  to proceed.
If that doesn't work, type  X <return>  to quit.

\c@theorem=\count317
\c@corollary=\count318
) (/opt/homebrew/Cellar/texlive/20250308_1/share/texmf-dist/tex/latex/l3backend/l3backend-pdftex.def
File: l3backend-pdftex.def 2024-05-08 L3 backend support: PDF output (pdfTeX)
\l__color_backend_stack_int=\count319
\l__pdf_internal_box=\box66
) (build/main.aux (build/titlepage.aux) (build/chapters/1preliminaries.aux) (build/chapters/2grover.aux) (build/chapters/3simon.aux) (build/chapters/4shor.aux) (build/chapters/5bqp.aux) (build/chapters/6discussion.aux))
\openout1 = `main.aux'.

LaTeX Font Info:    Checking defaults for OML/cmm/m/it on input line 5.
LaTeX Font Info:    ... okay on input line 5.
LaTeX Font Info:    Checking defaults for OMS/cmsy/m/n on input line 5.
LaTeX Font Info:    ... okay on input line 5.
LaTeX Font Info:    Checking defaults for OT1/cmr/m/n on input line 5.
LaTeX Font Info:    ... okay on input line 5.
LaTeX Font Info:    Checking defaults for T1/cmr/m/n on input line 5.
LaTeX Font Info:    ... okay on input line 5.
LaTeX Font Info:    Checking defaults for TS1/cmr/m/n on input line 5.
LaTeX Font Info:    ... okay on input line 5.
LaTeX Font Info:    Checking defaults for OMX/cmex/m/n on input line 5.
LaTeX Font Info:    ... okay on input line 5.
LaTeX Font Info:    Checking defaults for U/cmr/m/n on input line 5.
LaTeX Font Info:    ... okay on input line 5.
LaTeX Font Info:    Checking defaults for PD1/pdf/m/n on input line 5.
LaTeX Font Info:    ... okay on input line 5.
LaTeX Font Info:    Checking defaults for PU/pdf/m/n on input line 5.
LaTeX Font Info:    ... okay on input line 5.
 (/opt/homebrew/Cellar/texlive/20250308_1/share/texmf-dist/tex/context/base/mkii/supp-pdf.mkii
[Loading MPS to PDF converter (version 2006.09.02).]
\scratchcounter=\count320
\scratchdimen=\dimen282
\scratchbox=\box67
\nofMPsegments=\count321
\nofMParguments=\count322
\everyMPshowfont=\toks46
\MPscratchCnt=\count323
\MPscratchDim=\dimen283
\MPnumerator=\count324
\makeMPintoPDFobject=\count325
\everyMPtoPDFconversion=\toks47
) (/opt/homebrew/Cellar/texlive/20250308_1/share/texmf-dist/tex/latex/epstopdf-pkg/epstopdf-base.sty
Package: epstopdf-base 2020-01-24 v2.11 Base part for package epstopdf
Package epstopdf-base Info: Redefining graphics rule for `.eps' on input line 485.
 (/opt/homebrew/Cellar/texlive/20250308_1/share/texmf-dist/tex/latex/latexconfig/epstopdf-sys.cfg
File: epstopdf-sys.cfg 2010/07/13 v1.3 Configuration of (r)epstopdf for TeX Live
))
*geometry* driver: auto-detecting
*geometry* detected driver: pdftex
*geometry* verbose mode - [ preamble ] result:
* driver: pdftex
* paper: <default>
* layout: <same size as paper>
* layoutoffset:(h,v)=(0.0pt,0.0pt)
* modes: 
* h-part:(L,W,R)=(92.14519pt, 430.00462pt, 92.14519pt)
* v-part:(T,H,B)=(95.39737pt, 556.47656pt, 143.09605pt)
* \paperwidth=614.295pt
* \paperheight=794.96999pt
* \textwidth=430.00462pt
* \textheight=556.47656pt
* \oddsidemargin=19.8752pt
* \evensidemargin=19.8752pt
* \topmargin=-13.87262pt
* \headheight=12.0pt
* \headsep=25.0pt
* \topskip=10.0pt
* \footskip=30.0pt
* \marginparwidth=65.0pt
* \marginparsep=11.0pt
* \columnsep=10.0pt
* \skip\footins=9.0pt plus 4.0pt minus 2.0pt
* \hoffset=0.0pt
* \voffset=0.0pt
* \mag=1000
* \@twocolumnfalse
* \@twosidefalse
* \@mparswitchfalse
* \@reversemarginfalse
* (1in=72.27pt=25.4mm, 1cm=28.453pt)

Package hyperref Info: Link coloring ON on input line 5.
(build/main.out) (build/main.out)
\@outlinefile=\write4
\openout4 = `main.out'.

Package caption Info: Begin \AtBeginDocument code.
Package caption Info: End \AtBeginDocument code.
LaTeX Font Info:    Trying to load font information for U+msa on input line 5.
 (/opt/homebrew/Cellar/texlive/20250308_1/share/texmf-dist/tex/latex/amsfonts/umsa.fd
File: umsa.fd 2013/01/14 v3.01 AMS symbols A
)
LaTeX Font Info:    Trying to load font information for U+msb on input line 5.
 (/opt/homebrew/Cellar/texlive/20250308_1/share/texmf-dist/tex/latex/amsfonts/umsb.fd
File: umsb.fd 2013/01/14 v3.01 AMS symbols B
)
LaTeX Font Info:    Trying to load font information for U+rsfs on input line 5.
 (/opt/homebrew/Cellar/texlive/20250308_1/share/texmf-dist/tex/latex/jknapltx/ursfs.fd
File: ursfs.fd 1998/03/24 rsfs font definition file (jk)
)
Package xypdf Info: Line width: 0.39998pt on input line 5.
\openout2 = `titlepage.aux'.

 (./titlepage.tex

LaTeX Font Warning: Font shape `OT1/cmr/bx/sc' undefined
(Font)              using `OT1/cmr/bx/n' instead on input line 5.

<figures/uj-logo-kolor.png, id=4, 250.9375pt x 417.56pt>
File: figures/uj-logo-kolor.png Graphic file (type png)
<use figures/uj-logo-kolor.png>
Package pdftex.def Info: figures/uj-logo-kolor.png  used on input line 30.
(pdftex.def)             Requested size: 28.45274pt x 47.33983pt.


[1


{/opt/homebrew/Cellar/texlive/20250308_1/share/texmf-dist/fonts/map/pdftex/updmap/pdftex.map} <./figures/uj-logo-kolor.png>]) (build/main.toc)
\tf@toc=\write5
\openout5 = `main.toc'.

 (./chapters/0intro.tex

LaTeX Warning: Citation `thebook' on page 1 undefined on input line 2.

)


Package fancyhdr Warning: \headheight is too small (12.0pt): 
(fancyhdr)                Make it at least 21.85004pt, for example:
(fancyhdr)                \setlength{\headheight}{21.85004pt}.
(fancyhdr)                You might also make \topmargin smaller:
(fancyhdr)                \addtolength{\topmargin}{-9.85004pt}.


pdfTeX warning (ext4): destination with the same identifier (name{page.1}) has been already used, duplicate ignored
<to be read again> 
                   \relax 
l.9 \include{chapters/1preliminaries}
                                      [1


]
\openout2 = `chapters/1preliminaries.aux'.

 (./chapters/1preliminaries.tex
Underfull \hbox (badness 10000) in paragraph at lines 7--9

 []


Underfull \hbox (badness 10000) in paragraph at lines 7--9

 []


Underfull \hbox (badness 10000) in paragraph at lines 13--15

 []


Underfull \hbox (badness 10000) in paragraph at lines 17--18

 []




Package fancyhdr Warning: \headheight is too small (12.0pt): 
(fancyhdr)                Make it at least 21.85004pt, for example:
(fancyhdr)                \setlength{\headheight}{21.85004pt}.
(fancyhdr)                You might also make \topmargin smaller:
(fancyhdr)                \addtolength{\topmargin}{-9.85004pt}.

[2

]
./chapters/1preliminaries.tex:19: Missing { inserted.
<to be read again> 
                   $
l.19 ... between $\ket{\psi}=\begin{bmatrix}a_1^ &
                                                  \dots & a_n\end{bmatrix}^T...
A left brace was mandatory here, so I've put one in.
You might want to delete and/or insert some corrections
so that I will find a matching right brace soon.
(If you're confused by all this, try typing `I}' now.)

./chapters/1preliminaries.tex:19: Missing } inserted.
<inserted text> 
                }
l.19 ... between $\ket{\psi}=\begin{bmatrix}a_1^ &
                                                  \dots & a_n\end{bmatrix}^T...
I've inserted something that you may have forgotten.
(See the <inserted text> above.)
With luck, this will get me unwedged. But if you
really didn't forget anything, try typing `2' now; then
my insertion and my current dilemma will both disappear.


Overfull \hbox (2.2594pt too wide) in paragraph at lines 18--20
\OT1/cmr/m/n/10 We can thus de-fine an in-ner (scalar) prod-uct be-tween $[] = [][]$ and $[] = [][]$
 []




Package fancyhdr Warning: \headheight is too small (12.0pt): 
(fancyhdr)                Make it at least 21.85004pt, for example:
(fancyhdr)                \setlength{\headheight}{21.85004pt}.
(fancyhdr)                You might also make \topmargin smaller:
(fancyhdr)                \addtolength{\topmargin}{-9.85004pt}.

[3]
Underfull \hbox (badness 10000) in paragraph at lines 64--67

 []


Underfull \hbox (badness 10000) in paragraph at lines 64--67

 []


LaTeX Warning: Citation `epr' on page 4 undefined on input line 70.


Underfull \hbox (badness 10000) in paragraph at lines 68--73

 []


Underfull \hbox (badness 10000) in paragraph at lines 68--73

 []




Package fancyhdr Warning: \headheight is too small (12.0pt): 
(fancyhdr)                Make it at least 21.85004pt, for example:
(fancyhdr)                \setlength{\headheight}{21.85004pt}.
(fancyhdr)                You might also make \topmargin smaller:
(fancyhdr)                \addtolength{\topmargin}{-9.85004pt}.

[4{/opt/homebrew/Cellar/texlive/20250308_1/share/texmf-dist/fonts/enc/dvips/cm-super/cm-super-ts1.enc}]

LaTeX Warning: Citation `bell' on page 5 undefined on input line 77.


LaTeX Warning: Citation `aspect' on page 5 undefined on input line 77.

)


Package fancyhdr Warning: \headheight is too small (12.0pt): 
(fancyhdr)                Make it at least 21.85004pt, for example:
(fancyhdr)                \setlength{\headheight}{21.85004pt}.
(fancyhdr)                You might also make \topmargin smaller:
(fancyhdr)                \addtolength{\topmargin}{-9.85004pt}.

[5]
\openout2 = `chapters/2grover.aux'.

 (./chapters/2grover.tex
Underfull \hbox (badness 10000) in paragraph at lines 3--5

 []


Underfull \hbox (badness 10000) in paragraph at lines 5--8

 []


Underfull \hbox (badness 10000) in paragraph at lines 5--8

 []


Underfull \hbox (badness 10000) in paragraph at lines 5--8

 []




Package fancyhdr Warning: \headheight is too small (12.0pt): 
(fancyhdr)                Make it at least 21.85004pt, for example:
(fancyhdr)                \setlength{\headheight}{21.85004pt}.
(fancyhdr)                You might also make \topmargin smaller:
(fancyhdr)                \addtolength{\topmargin}{-9.85004pt}.

[6



]
<figures/grover.png, id=67, 249.5724pt x 241.3818pt>
File: figures/grover.png Graphic file (type png)
<use figures/grover.png>
Package pdftex.def Info: figures/grover.png  used on input line 40.
(pdftex.def)             Requested size: 215.0023pt x 207.95262pt.



Package fancyhdr Warning: \headheight is too small (12.0pt): 
(fancyhdr)                Make it at least 21.85004pt, for example:
(fancyhdr)                \setlength{\headheight}{21.85004pt}.
(fancyhdr)                You might also make \topmargin smaller:
(fancyhdr)                \addtolength{\topmargin}{-9.85004pt}.

[7 <./figures/grover.png>]

LaTeX Warning: Citation `Zalka_1999' on page 8 undefined on input line 47.

)


Package fancyhdr Warning: \headheight is too small (12.0pt): 
(fancyhdr)                Make it at least 21.85004pt, for example:
(fancyhdr)                \setlength{\headheight}{21.85004pt}.
(fancyhdr)                You might also make \topmargin smaller:
(fancyhdr)                \addtolength{\topmargin}{-9.85004pt}.

[8]
\openout2 = `chapters/3simon.aux'.

 (./chapters/3simon.tex
Underfull \hbox (badness 10000) in paragraph at lines 2--4

 []


Underfull \hbox (badness 10000) in paragraph at lines 21--24

 []


LaTeX Warning: Citation `cormen2009' on page 9 undefined on input line 32.


Underfull \hbox (badness 10000) in paragraph at lines 30--35

 []


Underfull \hbox (badness 10000) in paragraph at lines 30--35

 []




Package fancyhdr Warning: \headheight is too small (12.0pt): 
(fancyhdr)                Make it at least 21.85004pt, for example:
(fancyhdr)                \setlength{\headheight}{21.85004pt}.
(fancyhdr)                You might also make \topmargin smaller:
(fancyhdr)                \addtolength{\topmargin}{-9.85004pt}.

[9



])
Underfull \hbox (badness 10000) in paragraph at lines 39--11

 []


Underfull \hbox (badness 10000) in paragraph at lines 39--11

 []




Package fancyhdr Warning: \headheight is too small (12.0pt): 
(fancyhdr)                Make it at least 21.85004pt, for example:
(fancyhdr)                \setlength{\headheight}{21.85004pt}.
(fancyhdr)                You might also make \topmargin smaller:
(fancyhdr)                \addtolength{\topmargin}{-9.85004pt}.

[10]
\openout2 = `chapters/4shor.aux'.

 (./chapters/4shor.tex

LaTeX Warning: Citation `thebook' on page 11 undefined on input line 2.


Underfull \hbox (badness 10000) in paragraph at lines 4--7

 []


LaTeX Warning: Citation `thebook' on page 11 undefined on input line 23.

(./chapters/4fourier.tex
Underfull \hbox (badness 10000) in paragraph at lines 19--1

 []


Underfull \hbox (badness 10000) in paragraph at lines 19--1

 []


Underfull \hbox (badness 10000) in paragraph at lines 19--1

 []


LaTeX Warning: Citation `cormen2009' on page 11 undefined on input line 2.


Underfull \hbox (badness 10000) in paragraph at lines 2--5

 []




Package fancyhdr Warning: \headheight is too small (12.0pt): 
(fancyhdr)                Make it at least 21.85004pt, for example:
(fancyhdr)                \setlength{\headheight}{21.85004pt}.
(fancyhdr)                You might also make \topmargin smaller:
(fancyhdr)                \addtolength{\topmargin}{-9.85004pt}.

[11



]
<figures/qft.pdf, id=101, 215.8013pt x 74.44301pt>
File: figures/qft.pdf Graphic file (type pdf)
<use figures/qft.pdf>
Package pdftex.def Info: figures/qft.pdf  used on input line 11.
(pdftex.def)             Requested size: 258.00539pt x 89.00967pt.
) (./chapters/4order.tex
Underfull \hbox (badness 10000) in paragraph at lines 2--5

 []


Underfull \hbox (badness 10000) in paragraph at lines 2--5

 []




Package fancyhdr Warning: \headheight is too small (12.0pt): 
(fancyhdr)                Make it at least 21.85004pt, for example:
(fancyhdr)                \setlength{\headheight}{21.85004pt}.
(fancyhdr)                You might also make \topmargin smaller:
(fancyhdr)                \addtolength{\topmargin}{-9.85004pt}.

[12 <./figures/qft.pdf>]

LaTeX Warning: Citation `continued_fractions' on page 13 undefined on input line 21.


Underfull \hbox (badness 10000) in paragraph at lines 19--22

 []

)

LaTeX Warning: Citation `Agrawal2004' on page 13 undefined on input line 29.


LaTeX Warning: Citation `cormen2009' on page 13 undefined on input line 29.


Underfull \hbox (badness 10000) in paragraph at lines 29--33

 []

)
Underfull \hbox (badness 10000) in paragraph at lines 40--12

 []




Package fancyhdr Warning: \headheight is too small (12.0pt): 
(fancyhdr)                Make it at least 21.85004pt, for example:
(fancyhdr)                \setlength{\headheight}{21.85004pt}.
(fancyhdr)                You might also make \topmargin smaller:
(fancyhdr)                \addtolength{\topmargin}{-9.85004pt}.

[13]
\openout2 = `chapters/5bqp.aux'.

 (./chapters/5bqp.tex
Underfull \hbox (badness 10000) in paragraph at lines 11--13

 []


Underfull \hbox (badness 10000) in paragraph at lines 13--16

 []


LaTeX Warning: Citation `pp_bqp' on page 14 undefined on input line 18.


Underfull \hbox (badness 10000) in paragraph at lines 17--19

 []




Package fancyhdr Warning: \headheight is too small (12.0pt): 
(fancyhdr)                Make it at least 21.85004pt, for example:
(fancyhdr)                \setlength{\headheight}{21.85004pt}.
(fancyhdr)                You might also make \topmargin smaller:
(fancyhdr)                \addtolength{\topmargin}{-9.85004pt}.

[14



]

LaTeX Warning: Citation `gosset' on page 15 undefined on input line 25.


LaTeX Warning: Citation `brav' on page 15 undefined on input line 25.

)


Package fancyhdr Warning: \headheight is too small (12.0pt): 
(fancyhdr)                Make it at least 21.85004pt, for example:
(fancyhdr)                \setlength{\headheight}{21.85004pt}.
(fancyhdr)                You might also make \topmargin smaller:
(fancyhdr)                \addtolength{\topmargin}{-9.85004pt}.

[15]
\openout2 = `chapters/6discussion.aux'.

 (./chapters/6discussion.tex

LaTeX Warning: Citation `Figgatt2017Grover' on page 16 undefined on input line 5.


LaTeX Warning: Citation `Tame2014' on page 16 undefined on input line 5.


LaTeX Warning: Citation `shor21' on page 16 undefined on input line 5.


LaTeX Warning: Citation `Smolin_2013' on page 16 undefined on input line 5.

)
Underfull \hbox (badness 10000) in paragraph at lines 2--14

 []


Underfull \hbox (badness 10000) in paragraph at lines 2--14

 []


Underfull \hbox (badness 10000) in paragraph at lines 2--14

 []




Package fancyhdr Warning: \headheight is too small (12.0pt): 
(fancyhdr)                Make it at least 21.85004pt, for example:
(fancyhdr)                \setlength{\headheight}{21.85004pt}.
(fancyhdr)                You might also make \topmargin smaller:
(fancyhdr)                \addtolength{\topmargin}{-9.85004pt}.

[16



] (build/main.bbl) (build/main.aux (build/titlepage.aux) (build/chapters/1preliminaries.aux) (build/chapters/2grover.aux) (build/chapters/3simon.aux) (build/chapters/4shor.aux) (build/chapters/5bqp.aux) (build/chapters/6discussion.aux))
 ***********
LaTeX2e <2024-11-01> patch level 2
L3 programming layer <2025-01-18>
 ***********


LaTeX Font Warning: Some font shapes were not available, defaults substituted.


LaTeX Warning: There were undefined references.


Package rerunfilecheck Warning: File `main.out' has changed.
(rerunfilecheck)                Rerun to get outlines right
(rerunfilecheck)                or use package `bookmark'.

Package rerunfilecheck Info: Checksums for `main.out':
(rerunfilecheck)             Before: D41D8CD98F00B204E9800998ECF8427E;0
(rerunfilecheck)             After:  8A78CAA2D8EFCC465CCDCD8459BD20B7;3467.
 ) 
Here is how much of TeX's memory you used:
 16800 strings out of 473190
 264737 string characters out of 5704335
 727839 words of memory out of 5000000
 39705 multiletter control sequences out of 15000+600000
 566174 words of font info for 67 fonts, out of 8000000 for 9000
 1141 hyphenation exceptions out of 8191
 90i,13n,93p,1434b,518s stack positions out of 10000i,1000n,20000p,200000b,200000s
</opt/homebrew/Cellar/texlive/20250308_1/share/texmf-dist/fonts/type1/public/amsfonts/cm/cmbx10.pfb></opt/homebrew/Cellar/texlive/20250308_1/share/texmf-dist/fonts/type1/public/amsfonts/cm/cmbx12.pfb></opt/homebrew/Cellar/texlive/20250308_1/share/texmf-dist/fonts/type1/public/amsfonts/cm/cmbx9.pfb></opt/homebrew/Cellar/texlive/20250308_1/share/texmf-dist/fonts/type1/public/amsfonts/cm/cmcsc10.pfb></opt/homebrew/Cellar/texlive/20250308_1/share/texmf-dist/fonts/type1/public/amsfonts/cm/cmex10.pfb></opt/homebrew/Cellar/texlive/20250308_1/share/texmf-dist/fonts/type1/public/amsfonts/cm/cmmi10.pfb></opt/homebrew/Cellar/texlive/20250308_1/share/texmf-dist/fonts/type1/public/amsfonts/cm/cmmi5.pfb></opt/homebrew/Cellar/texlive/20250308_1/share/texmf-dist/fonts/type1/public/amsfonts/cm/cmmi7.pfb></opt/homebrew/Cellar/texlive/20250308_1/share/texmf-dist/fonts/type1/public/amsfonts/cm/cmr10.pfb></opt/homebrew/Cellar/texlive/20250308_1/share/texmf-dist/fonts/type1/public/amsfonts/cm/cmr12.pfb></opt/homebrew/Cellar/texlive/20250308_1/share/texmf-dist/fonts/type1/public/amsfonts/cm/cmr5.pfb></opt/homebrew/Cellar/texlive/20250308_1/share/texmf-dist/fonts/type1/public/amsfonts/cm/cmr7.pfb></opt/homebrew/Cellar/texlive/20250308_1/share/texmf-dist/fonts/type1/public/amsfonts/cm/cmsy10.pfb></opt/homebrew/Cellar/texlive/20250308_1/share/texmf-dist/fonts/type1/public/amsfonts/cm/cmsy5.pfb></opt/homebrew/Cellar/texlive/20250308_1/share/texmf-dist/fonts/type1/public/amsfonts/cm/cmsy7.pfb></opt/homebrew/Cellar/texlive/20250308_1/share/texmf-dist/fonts/type1/public/amsfonts/cm/cmti8.pfb></opt/homebrew/Cellar/texlive/20250308_1/share/texmf-dist/fonts/type1/public/amsfonts/cm/cmtt10.pfb></opt/homebrew/Cellar/texlive/20250308_1/share/texmf-dist/fonts/type1/public/lm/lmr10.pfb></opt/homebrew/Cellar/texlive/20250308_1/share/texmf-dist/fonts/type1/public/amsfonts/symbols/msbm10.pfb></opt/homebrew/Cellar/texlive/20250308_1/share/texmf-dist/fonts/type1/public/cm-super/sfrm1000.pfb>
Output written on build/main.pdf (17 pages, 464337 bytes).
PDF statistics:
 245 PDF objects out of 1000 (max. 8388607)
 175 compressed objects within 2 object streams
 46 named destinations out of 1000 (max. 500000)
 16 words of extra memory for PDF output out of 10000 (max. 10000000)

